# JRE version: OpenJDK Runtime Environment Temurin-21.0.10+7 (21.0.10+7) (build 21.0.10+7-LTS)
# Java VM: OpenJDK 64-Bit Server VM Temurin-21.0.10+7 (21.0.10+7-LTS, mixed mode, sharing, tiered, compressed oops, compressed class ptrs, parallel gc, windows-amd64)
GC Precious Log:
 CardTable entry size: 512
 CPUs: 2 total, 2 available
 Memory: 3534M
 Large Page Support: Disabled
 NUMA Support: Disabled
 Compressed Oops: Enabled (32-bit)
 Alignments: Space 512K, Generation 512K, Heap 2M
 Heap Min Capacity: 100M
 Heap Initial Capacity: 100M
 Heap Max Capacity: 2G
 Pre-touch: Disabled
 Parallel Workers: 2
Heap:
 PSYoungGen      total 8704K, used 8334K [0x00000000d5580000, 0x00000000d6500000, 0x0000000100000000)
  eden space 6144K, 96% used [0x00000000d5580000,0x00000000d5b4f998,0x00000000d5b80000)
  from space 2560K, 93% used [0x00000000d6280000,0x00000000d64d4010,0x00000000d6500000)
  to   space 4096K, 0% used [0x00000000d5d00000,0x00000000d5d00000,0x00000000d6100000)
 ParOldGen       total 773632K, used 773284K [0x0000000080000000, 0x00000000af380000, 0x00000000d5580000)
  object space 773632K, 99% used [0x0000000080000000,0x00000000af329348,0x00000000af380000)
 Metaspace       used 73186K, committed 74624K, reserved 1179648K
  class space    used 7262K, committed 7936K, reserved 1048576K
GC Heap History (20 events):
Event: 42545.562 GC heap before
{Heap before GC invocations=1025 (full 4):
 PSYoungGen      total 7680K, used 7523K [0x00000000d5580000, 0x00000000d6300000, 0x0000000100000000)
  eden space 4096K, 100% used [0x00000000d5580000,0x00000000d5980000,0x00000000d5980000)
  from space 3584K, 95% used [0x00000000d5f80000,0x00000000d62d8d60,0x00000000d6300000)
  to   space 4096K, 0% used [0x00000000d5b00000,0x00000000d5b00000,0x00000000d5f00000)
 ParOldGen       total 745984K, used 745672K [0x0000000080000000, 0x00000000ad880000, 0x00000000d5580000)
  object space 745984K, 99% used [0x0000000080000000,0x00000000ad832020,0x00000000ad880000)
 Metaspace       used 73171K, committed 74624K, reserved 1179648K
  class space    used 7261K, committed 7936K, reserved 1048576K
}
Event: 42545.758 GC heap after
{Heap after GC invocations=1025 (full 4):
 PSYoungGen      total 8192K, used 2592K [0x00000000d5580000, 0x00000000d6080000, 0x0000000100000000)
  eden space 5120K, 0% used [0x00000000d5580000,0x00000000d5580000,0x00000000d5a80000)
  from space 3072K, 84% used [0x00000000d5b00000,0x00000000d5d88020,0x00000000d5e00000)
  to   space 2560K, 0% used [0x00000000d5e00000,0x00000000d5e00000,0x00000000d6080000)
 ParOldGen       total 749568K, used 749091K [0x0000000080000000, 0x00000000adc00000, 0x00000000d5580000)
  object space 749568K, 99% used [0x0000000080000000,0x00000000adb88d80,0x00000000adc00000)
 Metaspace       used 73171K, committed 74624K, reserved 1179648K
  class space    used 7261K, committed 7936K, reserved 1048576K
}
Event: 42546.744 GC heap before
{Heap before GC invocations=1026 (full 4):
 PSYoungGen      total 8192K, used 7712K [0x00000000d5580000, 0x00000000d6080000, 0x0000000100000000)
  eden space 5120K, 99% used [0x00000000d5580000,0x00000000d5a7ffe8,0x00000000d5a80000)
  from space 3072K, 84% used [0x00000000d5b00000,0x00000000d5d88020,0x00000000d5e00000)
  to   space 2560K, 0% used [0x00000000d5e00000,0x00000000d5e00000,0x00000000d6080000)
 ParOldGen       total 749568K, used 749091K [0x0000000080000000, 0x00000000adc00000, 0x00000000d5580000)
  object space 749568K, 99% used [0x0000000080000000,0x00000000adb88d80,0x00000000adc00000)
 Metaspace       used 73179K, committed 74624K, reserved 1179648K
  class space    used 7262K, committed 7936K, reserved 1048576K
}
Event: 42546.753 GC heap after
{Heap after GC invocations=1026 (full 4):
 PSYoungGen      total 5632K, used 336K [0x00000000d5580000, 0x00000000d5e80000, 0x0000000100000000)
  eden space 5120K, 0% used [0x00000000d5580000,0x00000000d5580000,0x00000000d5a80000)
  from space 512K, 65% used [0x00000000d5e00000,0x00000000d5e54010,0x00000000d5e80000)
  to   space 1536K, 0% used [0x00000000d5b80000,0x00000000d5b80000,0x00000000d5d00000)
 ParOldGen       total 751616K, used 751552K [0x0000000080000000, 0x00000000ade00000, 0x00000000d5580000)
  object space 751616K, 99% used [0x0000000080000000,0x00000000addf0030,0x00000000ade00000)
 Metaspace       used 73179K, committed 74624K, reserved 1179648K
  class space    used 7262K, committed 7936K, reserved 1048576K
}
Event: 42547.035 GC heap before
{Heap before GC invocations=1027 (full 4):
 PSYoungGen      total 5632K, used 5456K [0x00000000d5580000, 0x00000000d5e80000, 0x0000000100000000)
  eden space 5120K, 100% used [0x00000000d5580000,0x00000000d5a80000,0x00000000d5a80000)
  from space 512K, 65% used [0x00000000d5e00000,0x00000000d5e54010,0x00000000d5e80000)
  to   space 1536K, 0% used [0x00000000d5b80000,0x00000000d5b80000,0x00000000d5d00000)
 ParOldGen       total 751616K, used 751552K [0x0000000080000000, 0x00000000ade00000, 0x00000000d5580000)
  object space 751616K, 99% used [0x0000000080000000,0x00000000addf0030,0x00000000ade00000)
 Metaspace       used 73179K, committed 74624K, reserved 1179648K
  class space    used 7262K, committed 7936K, reserved 1048576K
}
Event: 42547.042 GC heap after
{Heap after GC invocations=1027 (full 4):
 PSYoungGen      total 6656K, used 1513K [0x00000000d5580000, 0x00000000d6380000, 0x0000000100000000)
  eden space 5120K, 0% used [0x00000000d5580000,0x00000000d5580000,0x00000000d5a80000)
  from space 1536K, 98% used [0x00000000d5b80000,0x00000000d5cfa630,0x00000000d5d00000)
  to   space 4608K, 0% used [0x00000000d5f00000,0x00000000d5f00000,0x00000000d6380000)
 ParOldGen       total 754176K, used 753800K [0x0000000080000000, 0x00000000ae080000, 0x00000000d5580000)
  object space 754176K, 99% used [0x0000000080000000,0x00000000ae022030,0x00000000ae080000)
 Metaspace       used 73179K, committed 74624K, reserved 1179648K
  class space    used 7262K, committed 7936K, reserved 1048576K
}
Event: 42547.089 GC heap before
{Heap before GC invocations=1028 (full 4):
 PSYoungGen      total 6656K, used 6633K [0x00000000d5580000, 0x00000000d6380000, 0x0000000100000000)
  eden space 5120K, 100% used [0x00000000d5580000,0x00000000d5a80000,0x00000000d5a80000)
  from space 1536K, 98% used [0x00000000d5b80000,0x00000000d5cfa630,0x00000000d5d00000)
  to   space 4608K, 0% used [0x00000000d5f00000,0x00000000d5f00000,0x00000000d6380000)
 ParOldGen       total 754176K, used 753800K [0x0000000080000000, 0x00000000ae080000, 0x00000000d5580000)
  object space 754176K, 99% used [0x0000000080000000,0x00000000ae022030,0x00000000ae080000)
 Metaspace       used 73179K, committed 74624K, reserved 1179648K
  class space    used 7262K, committed 7936K, reserved 1048576K
}
Event: 42547.092 GC heap after
{Heap after GC invocations=1028 (full 4):
 PSYoungGen      total 6656K, used 1443K [0x00000000d5580000, 0x00000000d6080000, 0x0000000100000000)
  eden space 5120K, 0% used [0x00000000d5580000,0x00000000d5580000,0x00000000d5a80000)
  from space 1536K, 93% used [0x00000000d5f00000,0x00000000d6068d60,0x00000000d6080000)
  to   space 2560K, 0% used [0x00000000d5b80000,0x00000000d5b80000,0x00000000d5e00000)
 ParOldGen       total 754176K, used 753856K [0x0000000080000000, 0x00000000ae080000, 0x00000000d5580000)
  object space 754176K, 99% used [0x0000000080000000,0x00000000ae030040,0x00000000ae080000)
 Metaspace       used 73179K, committed 74624K, reserved 1179648K
  class space    used 7262K, committed 7936K, reserved 1048576K
}
Event: 42555.620 GC heap before
{Heap before GC invocations=1029 (full 4):
 PSYoungGen      total 6656K, used 6563K [0x00000000d5580000, 0x00000000d6080000, 0x0000000100000000)
  eden space 5120K, 100% used [0x00000000d5580000,0x00000000d5a80000,0x00000000d5a80000)
  from space 1536K, 93% used [0x00000000d5f00000,0x00000000d6068d60,0x00000000d6080000)
  to   space 2560K, 0% used [0x00000000d5b80000,0x00000000d5b80000,0x00000000d5e00000)
 ParOldGen       total 754176K, used 753856K [0x0000000080000000, 0x00000000ae080000, 0x00000000d5580000)
  object space 754176K, 99% used [0x0000000080000000,0x00000000ae030040,0x00000000ae080000)
 Metaspace       used 73179K, committed 74624K, reserved 1179648K
  class space    used 7262K, committed 7936K, reserved 1048576K
}
Event: 42555.628 GC heap after
{Heap after GC invocations=1029 (full 4):
 PSYoungGen      total 7680K, used 2537K [0x00000000d5580000, 0x00000000d6680000, 0x0000000100000000)
  eden space 5120K, 0% used [0x00000000d5580000,0x00000000d5580000,0x00000000d5a80000)
  from space 2560K, 99% used [0x00000000d5b80000,0x00000000d5dfa630,0x00000000d5e00000)
  to   space 6144K, 0% used [0x00000000d6080000,0x00000000d6080000,0x00000000d6680000)
 ParOldGen       total 756736K, used 756331K [0x0000000080000000, 0x00000000ae300000, 0x00000000d5580000)
  object space 756736K, 99% used [0x0000000080000000,0x00000000ae29ada0,0x00000000ae300000)
 Metaspace       used 73179K, committed 74624K, reserved 1179648K
  class space    used 7262K, committed 7936K, reserved 1048576K
}
Event: 42555.644 GC heap before
{Heap before GC invocations=1030 (full 4):
 PSYoungGen      total 7680K, used 7521K [0x00000000d5580000, 0x00000000d6680000, 0x0000000100000000)
  eden space 5120K, 97% used [0x00000000d5580000,0x00000000d5a5de50,0x00000000d5a80000)
  from space 2560K, 99% used [0x00000000d5b80000,0x00000000d5dfa630,0x00000000d5e00000)
  to   space 6144K, 0% used [0x00000000d6080000,0x00000000d6080000,0x00000000d6680000)
 ParOldGen       total 756736K, used 756331K [0x0000000080000000, 0x00000000ae300000, 0x00000000d5580000)
  object space 756736K, 99% used [0x0000000080000000,0x00000000ae29ada0,0x00000000ae300000)
 Metaspace       used 73179K, committed 74624K, reserved 1179648K
  class space    used 7262K, committed 7936K, reserved 1048576K
}
Event: 42555.657 GC heap after
{Heap after GC invocations=1030 (full 4):
 PSYoungGen      total 10240K, used 4744K [0x00000000d5580000, 0x00000000d6580000, 0x0000000100000000)
  eden space 5120K, 0% used [0x00000000d5580000,0x00000000d5580000,0x00000000d5a80000)
  from space 5120K, 92% used [0x00000000d6080000,0x00000000d6522000,0x00000000d6580000)
  to   space 5120K, 0% used [0x00000000d5b80000,0x00000000d5b80000,0x00000000d6080000)
 ParOldGen       total 759296K, used 758883K [0x0000000080000000, 0x00000000ae580000, 0x00000000d5580000)
  object space 759296K, 99% used [0x0000000080000000,0x00000000ae518d38,0x00000000ae580000)
 Metaspace       used 73179K, committed 74624K, reserved 1179648K
  class space    used 7262K, committed 7936K, reserved 1048576K
}
Event: 42555.686 GC heap before
{Heap before GC invocations=1031 (full 4):
 PSYoungGen      total 10240K, used 9817K [0x00000000d5580000, 0x00000000d6580000, 0x0000000100000000)
  eden space 5120K, 99% used [0x00000000d5580000,0x00000000d5a745e8,0x00000000d5a80000)
  from space 5120K, 92% used [0x00000000d6080000,0x00000000d6522000,0x00000000d6580000)
  to   space 5120K, 0% used [0x00000000d5b80000,0x00000000d5b80000,0x00000000d6080000)
 ParOldGen       total 759296K, used 758883K [0x0000000080000000, 0x00000000ae580000, 0x00000000d5580000)
  object space 759296K, 99% used [0x0000000080000000,0x00000000ae518d38,0x00000000ae580000)
 Metaspace       used 73179K, committed 74624K, reserved 1179648K
  class space    used 7262K, committed 7936K, reserved 1048576K
}
Event: 42555.701 GC heap after
{Heap after GC invocations=1031 (full 4):
 PSYoungGen      total 11264K, used 4595K [0x00000000d5580000, 0x00000000d6580000, 0x0000000100000000)
  eden space 6144K, 0% used [0x00000000d5580000,0x00000000d5580000,0x00000000d5b80000)
  from space 5120K, 89% used [0x00000000d5b80000,0x00000000d5ffcd60,0x00000000d6080000)
  to   space 5120K, 0% used [0x00000000d6080000,0x00000000d6080000,0x00000000d6580000)
 ParOldGen       total 763904K, used 763467K [0x0000000080000000, 0x00000000aea00000, 0x00000000d5580000)
  object space 763904K, 99% used [0x0000000080000000,0x00000000ae992d38,0x00000000aea00000)
 Metaspace       used 73179K, committed 74624K, reserved 1179648K
  class space    used 7262K, committed 7936K, reserved 1048576K
}
Event: 42557.470 GC heap before
{Heap before GC invocations=1032 (full 4):
 PSYoungGen      total 11264K, used 10739K [0x00000000d5580000, 0x00000000d6580000, 0x0000000100000000)
  eden space 6144K, 100% used [0x00000000d5580000,0x00000000d5b80000,0x00000000d5b80000)
  from space 5120K, 89% used [0x00000000d5b80000,0x00000000d5ffcd60,0x00000000d6080000)
  to   space 5120K, 0% used [0x00000000d6080000,0x00000000d6080000,0x00000000d6580000)
 ParOldGen       total 763904K, used 763467K [0x0000000080000000, 0x00000000aea00000, 0x00000000d5580000)
  object space 763904K, 99% used [0x0000000080000000,0x00000000ae992d38,0x00000000aea00000)
 Metaspace       used 73179K, committed 74624K, reserved 1179648K
  class space    used 7262K, committed 7936K, reserved 1048576K
}
Event: 42557.490 GC heap after
{Heap after GC invocations=1032 (full 4):
 PSYoungGen      total 8704K, used 2208K [0x00000000d5580000, 0x00000000d6300000, 0x0000000100000000)
  eden space 6144K, 0% used [0x00000000d5580000,0x00000000d5580000,0x00000000d5b80000)
  from space 2560K, 86% used [0x00000000d6080000,0x00000000d62a8040,0x00000000d6300000)
  to   space 3584K, 0% used [0x00000000d5c00000,0x00000000d5c00000,0x00000000d5f80000)
 ParOldGen       total 768000K, used 767934K [0x0000000080000000, 0x00000000aee00000, 0x00000000d5580000)
  object space 768000K, 99% used [0x0000000080000000,0x00000000aedefa98,0x00000000aee00000)
 Metaspace       used 73179K, committed 74624K, reserved 1179648K
  class space    used 7262K, committed 7936K, reserved 1048576K
}
Event: 42558.017 GC heap before
{Heap before GC invocations=1033 (full 4):
 PSYoungGen      total 8704K, used 8352K [0x00000000d5580000, 0x00000000d6300000, 0x0000000100000000)
  eden space 6144K, 100% used [0x00000000d5580000,0x00000000d5b80000,0x00000000d5b80000)
  from space 2560K, 86% used [0x00000000d6080000,0x00000000d62a8040,0x00000000d6300000)
  to   space 3584K, 0% used [0x00000000d5c00000,0x00000000d5c00000,0x00000000d5f80000)
 ParOldGen       total 768000K, used 767934K [0x0000000080000000, 0x00000000aee00000, 0x00000000d5580000)
  object space 768000K, 99% used [0x0000000080000000,0x00000000aedefa98,0x00000000aee00000)
 Metaspace       used 73183K, committed 74624K, reserved 1179648K
  class space    used 7262K, committed 7936K, reserved 1048576K
}
Event: 42558.044 GC heap after
{Heap after GC invocations=1033 (full 4):
 PSYoungGen      total 9728K, used 3561K [0x00000000d5580000, 0x00000000d6980000, 0x0000000100000000)
  eden space 6144K, 0% used [0x00000000d5580000,0x00000000d5580000,0x00000000d5b80000)
  from space 3584K, 99% used [0x00000000d5c00000,0x00000000d5f7a630,0x00000000d5f80000)
  to   space 7168K, 0% used [0x00000000d6280000,0x00000000d6280000,0x00000000d6980000)
 ParOldGen       total 771072K, used 770640K [0x0000000080000000, 0x00000000af100000, 0x00000000d5580000)
  object space 771072K, 99% used [0x0000000080000000,0x00000000af094328,0x00000000af100000)
 Metaspace       used 73183K, committed 74624K, reserved 1179648K
  class space    used 7262K, committed 7936K, reserved 1048576K
}
Event: 42558.568 GC heap before
{Heap before GC invocations=1034 (full 4):
 PSYoungGen      total 9728K, used 9705K [0x00000000d5580000, 0x00000000d6980000, 0x0000000100000000)
  eden space 6144K, 100% used [0x00000000d5580000,0x00000000d5b80000,0x00000000d5b80000)
  from space 3584K, 99% used [0x00000000d5c00000,0x00000000d5f7a630,0x00000000d5f80000)
  to   space 7168K, 0% used [0x00000000d6280000,0x00000000d6280000,0x00000000d6980000)
 ParOldGen       total 771072K, used 770640K [0x0000000080000000, 0x00000000af100000, 0x00000000d5580000)
  object space 771072K, 99% used [0x0000000080000000,0x00000000af094328,0x00000000af100000)
 Metaspace       used 73183K, committed 74624K, reserved 1179648K
  class space    used 7262K, committed 7936K, reserved 1048576K
}
Event: 42558.576 GC heap after
{Heap after GC invocations=1034 (full 4):
 PSYoungGen      total 8704K, used 2384K [0x00000000d5580000, 0x00000000d6500000, 0x0000000100000000)
  eden space 6144K, 0% used [0x00000000d5580000,0x00000000d5580000,0x00000000d5b80000)
  from space 2560K, 93% used [0x00000000d6280000,0x00000000d64d4010,0x00000000d6500000)
  to   space 4096K, 0% used [0x00000000d5d00000,0x00000000d5d00000,0x00000000d6100000)
 ParOldGen       total 773632K, used 773284K [0x0000000080000000, 0x00000000af380000, 0x00000000d5580000)
  object space 773632K, 99% used [0x0000000080000000,0x00000000af329348,0x00000000af380000)
 Metaspace       used 73183K, committed 74624K, reserved 1179648K
  class space    used 7262K, committed 7936K, reserved 1048576K
}

